2026-05-04 16:50:24 - VaultOrchestrator - INFO - Deteniendo orquestación del sistema
2026-05-04 16:50:28 - VaultOrchestrator - ERROR - Comando falló: pm2 delete all
2026-05-04 16:50:28 - VaultOrchestrator - ERROR - Error: [33m[PM2][WARN] [39mNo process found

2026-05-04 16:50:30 - VaultOrchestrator - INFO - Todos los procesos detenidos correctamente
2026-05-04 17:09:32 - VaultOrchestrator - INFO - Deteniendo orquestación del sistema
2026-05-04 17:09:32 - VaultOrchestrator - INFO - No hay procesos activos para detener
2026-05-04 17:09:32 - VaultOrchestrator - INFO - Iniciando orquestación del sistema
2026-05-04 17:09:32 - VaultOrchestrator - INFO - Limpiando procesos anteriores...
2026-05-04 17:09:32 - VaultOrchestrator - ERROR - Comando falló: pm2 delete all
2026-05-04 17:09:32 - VaultOrchestrator - ERROR - Error: [33m[PM2][WARN] [39mNo process found

2026-05-04 17:09:32 - VaultOrchestrator - INFO - ✅ vault-backend está online
2026-05-04 17:09:33 - VaultOrchestrator - INFO - ✅ vault-frontend está online
2026-05-04 17:09:33 - VaultOrchestrator - INFO - ✅ vault-backups está online
2026-05-04 17:09:33 - VaultOrchestrator - INFO - ✅ vault-autogit está online
2026-05-04 17:09:48 - VaultOrchestrator - INFO - Deteniendo orquestación del sistema
2026-05-04 17:09:50 - VaultOrchestrator - ERROR - Comando falló: pm2 delete all
2026-05-04 17:09:50 - VaultOrchestrator - ERROR - Error: [33m[PM2][WARN] [39mNo process found

2026-05-04 17:09:52 - VaultOrchestrator - INFO - Todos los procesos detenidos correctamente
2026-05-04 17:11:01 - VaultOrchestrator - INFO - Deteniendo orquestación del sistema
2026-05-04 17:11:01 - VaultOrchestrator - INFO - No hay procesos activos para detener
2026-05-04 17:27:00 - VaultOrchestrator - INFO - Deteniendo orquestación del sistema
2026-05-04 17:27:00 - VaultOrchestrator - INFO - No hay procesos activos para detener
2026-05-04 17:27:00 - VaultOrchestrator - INFO - Iniciando orquestación del sistema
2026-05-04 17:27:01 - VaultOrchestrator - INFO - Limpiando procesos anteriores...
2026-05-04 17:27:01 - VaultOrchestrator - ERROR - Comando falló: pm2 delete all
2026-05-04 17:27:01 - VaultOrchestrator - ERROR - Error: [33m[PM2][WARN] [39mNo process found

2026-05-04 17:27:01 - VaultOrchestrator - INFO - ✅ vault-backend está online
2026-05-04 17:27:01 - VaultOrchestrator - INFO - ✅ vault-frontend está online
2026-05-04 17:27:02 - VaultOrchestrator - INFO - ✅ vault-backups está online
2026-05-04 17:27:02 - VaultOrchestrator - INFO - ✅ vault-autogit está online
2026-05-04 17:41:08 - VaultOrchestrator - INFO - Deteniendo orquestación del sistema
2026-05-04 17:41:12 - VaultOrchestrator - ERROR - Comando falló: pm2 delete all
2026-05-04 17:41:12 - VaultOrchestrator - ERROR - Error: [33m[PM2][WARN] [39mNo process found

2026-05-04 17:41:14 - VaultOrchestrator - INFO - Todos los procesos detenidos correctamente
